<?xml version="1.0" encoding="UTF-8"?>
<robot generator="Robot 7.2.2 (Python 3.13.2 on win32)" generated="2025-03-25T22:21:22.869253" rpa="false" schemaversion="5">
<suite id="s1" name="Test Example2" source="C:\Automacao\projeto-pessoal\automacao_robotframework\tests\test_example2.robot">
<test id="s1-t1" name="Cenário 1: Acessando o site do Robot" line="17">
<kw name="Abrir Site">
<kw name="Evaluate" owner="BuiltIn">
<msg time="2025-03-25T22:21:23.289207" level="INFO">${chrome_options} = &lt;selenium.webdriver.chrome.options.Options object at 0x000001934E655940&gt;</msg>
<var>${chrome_options}</var>
<arg>sys.modules['selenium.webdriver'].ChromeOptions()</arg>
<arg>modules=selenium.webdriver</arg>
<doc>Evaluates the given expression in Python and returns the result.</doc>
<status status="PASS" start="2025-03-25T22:21:23.288690" elapsed="0.000586"/>
</kw>
<kw name="Call Method" owner="BuiltIn">
<arg>${chrome_options}</arg>
<arg>add_argument</arg>
<arg>"--headless"</arg>
<doc>Calls the named method of the given object with the provided arguments.</doc>
<status status="PASS" start="2025-03-25T22:21:23.289506" elapsed="0.000228"/>
</kw>
<kw name="Call Method" owner="BuiltIn">
<arg>${chrome_options}</arg>
<arg>add_argument</arg>
<arg>"--no-sandbox"</arg>
<doc>Calls the named method of the given object with the provided arguments.</doc>
<status status="PASS" start="2025-03-25T22:21:23.289912" elapsed="0.000192"/>
</kw>
<kw name="Call Method" owner="BuiltIn">
<arg>${chrome_options}</arg>
<arg>add_argument</arg>
<arg>"--disable-dev-shm-usage"</arg>
<doc>Calls the named method of the given object with the provided arguments.</doc>
<status status="PASS" start="2025-03-25T22:21:23.290255" elapsed="0.000177"/>
</kw>
<kw name="Call Method" owner="BuiltIn">
<msg time="2025-03-25T22:21:23.290865" level="FAIL">Calling method 'add_argument' failed: TypeError: ArgOptions.add_argument() got an unexpected keyword argument '"--user-data-dir'</msg>
<arg>${chrome_options}</arg>
<arg>add_argument</arg>
<arg>"--user-data-dir=/tmp/chrome-user-data"</arg>
<doc>Calls the named method of the given object with the provided arguments.</doc>
<status status="FAIL" start="2025-03-25T22:21:23.290575" elapsed="0.000578">Calling method 'add_argument' failed: TypeError: ArgOptions.add_argument() got an unexpected keyword argument '"--user-data-dir'</status>
</kw>
<kw name="Open Browser" owner="SeleniumLibrary">
<arg>https://robotframework.org/</arg>
<arg>chrome</arg>
<arg>options=${chrome_options}</arg>
<doc>Opens a new browser instance to the optional ``url``.</doc>
<status status="NOT RUN" start="2025-03-25T22:21:23.291381" elapsed="0.000042"/>
</kw>
<status status="FAIL" start="2025-03-25T22:21:23.287460" elapsed="0.004166">Calling method 'add_argument' failed: TypeError: ArgOptions.add_argument() got an unexpected keyword argument '"--user-data-dir'</status>
</kw>
<status status="FAIL" start="2025-03-25T22:21:23.286282" elapsed="0.005797">Calling method 'add_argument' failed: TypeError: ArgOptions.add_argument() got an unexpected keyword argument '"--user-data-dir'</status>
</test>
<status status="FAIL" start="2025-03-25T22:21:22.871515" elapsed="0.422284"/>
</suite>
<statistics>
<total>
<stat pass="0" fail="1" skip="0">All Tests</stat>
</total>
<tag>
</tag>
<suite>
<stat name="Test Example2" id="s1" pass="0" fail="1" skip="0">Test Example2</stat>
</suite>
</statistics>
<errors>
</errors>
</robot>
